<?xml version="1.0" encoding="UTF-8"?>
<testsuite xmlns:xsi="http://www.w3.org/2001/XMLSchema-instance" xsi:noNamespaceSchemaLocation="https://maven.apache.org/surefire/maven-surefire-plugin/xsd/surefire-test-report.xsd" version="3.0.2" name="com.alten.shop.ShopApplicationTests" time="2.77" tests="6" errors="0" skipped="0" failures="0">
  <properties>
[...]
</properties>
  <testcase name="testRemoveProduct" classname="com.alten.shop.ShopApplicationTests" time="0.745">
    <system-out><![CDATA[17:11:23.555 [main] INFO org.springframework.test.context.support.AnnotationConfigContextLoaderUtils -- Could not detect default configuration classes for test class [com.alten.shop.ShopApplicationTests]: ShopApplicationTests does not declare any static, non-private, non-final, nested classes annotated with @Configuration.
17:11:23.642 [main] INFO org.springframework.boot.test.context.SpringBootTestContextBootstrapper -- Found @SpringBootConfiguration com.alten.shop.ShopApplication for test class com.alten.shop.ShopApplicationTests

  .   ____          _            __ _ _
 /\\ / ___'_ __ _ _(_)_ __  __ _ \ \ \ \
( ( )\___ | '_ | '_| | '_ \/ _` | \ \ \ \
 \\/  ___)| |_)| | | | | || (_| |  ) ) ) )
  '  |____| .__|_| |_|_| |_\__, | / / / /
 =========|_|==============|___/=/_/_/_/

 :: Spring Boot ::       (v3.4.0-SNAPSHOT)

2024-07-28T17:11:23.972+02:00  INFO 6816 --- [shop] [           main] com.alten.shop.ShopApplicationTests      : Starting ShopApplicationTests using Java 17.0.12 with PID 6816 (started by axoul in C:\Users\axoul\Documents\Test alten\projet\shop)
2024-07-28T17:11:23.973+02:00  INFO 6816 --- [shop] [           main] com.alten.shop.ShopApplicationTests      : No active profile set, falling back to 1 default profile: "default"
2024-07-28T17:11:25.313+02:00  INFO 6816 --- [shop] [           main] o.s.b.a.e.web.EndpointLinksResolver      : Exposing 1 endpoint beneath base path '/actuator'
2024-07-28T17:11:25.365+02:00  INFO 6816 --- [shop] [           main] com.alten.shop.ShopApplicationTests      : Started ShopApplicationTests in 1.597 seconds (process running for 2.335)
]]></system-out>
  </testcase>
  <testcase name="testGetAllProductIds" classname="com.alten.shop.ShopApplicationTests" time="0.004">
    <system-out><![CDATA[Product ID: 1
Product ID: 2
]]></system-out>
  </testcase>
  <testcase name="testAddProduct" classname="com.alten.shop.ShopApplicationTests" time="0.004"/>
  <testcase name="testGetProductById" classname="com.alten.shop.ShopApplicationTests" time="0.004"/>
  <testcase name="contextLoads" classname="com.alten.shop.ShopApplicationTests" time="0.003"/>
  <testcase name="testGetAllProducts" classname="com.alten.shop.ShopApplicationTests" time="0.003"/>
</testsuite>